Target distribution : 0.003628 0.028332 0.028332 0.028332 0.220761 0.220761 0.028332 0.220761 0.220761
Order 1 analysis
Order 2 analysis
Bernoulli/Chernoff test:
alpha : 0.050000, eps : 0.013581
Rejection among matched: 0 398 403 391 1961 1959 421 1959 1961
Rejection among random/non matched: 0 144 138 179 155 143 142 147 154
test 1 ... KO
Rejection among matched: 0 1952 1949
Rejection among random/non matched: 0 2370 2481
test 2 ... KO
Rejection among matched: 1977 1982
Rejection among random/non matched: 933 989
test 3 ... KO
alpha : 0.500000, eps : 0.008326
Rejection among matched: 0 1810 1816 1824 2078 2059 1826 2079 2056
Rejection among random/non matched: 0 1450 1503 1486 947 871 1476 893 826
test 4 ... OK
Rejection among matched: 0 1978 1980
Rejection among random/non matched: 0 2755 2764
test 5 ... KO
Rejection among matched: 2176 2170
Rejection among random/non matched: 1960 2040
test 6 ... OK
alpha : 0.950000, eps : 0.006101
Rejection among matched: 0 1930 1932 1931 2292 2289 1934 2303 2284
Rejection among random/non matched: 0 1903 1919 1925 1617 1468 1935 1521 1459
test 7 ... OK
Rejection among matched: 0 2089 2101
Rejection among random/non matched: 0 2927 2929
test 8 ... OK
Rejection among matched: 2455 2472
Rejection among random/non matched: 2515 2566
test 9 ... OK

Khi-Deux test (for 10000 signatures):
Rejection among matched: 2087
Rejection among random/non matched: 3113
test 10 ... KO
Rejection among matched: 3157
Rejection among random/non matched: 3694
test 11 ... KO
Rejection among matched: 4121
Rejection among random/non matched: 4196
test 12 ... KO

Statistical distance test:
Mean distance among matched pairs: kl : 0.051066    hell : 0.082048    stat : 0.216139
Mean distance among random/non matched pairs: kl : 0.004129    hell : 0.029126    stat : 0.043582

Supp distance among matched pairs  kl : 0.174151    hell : 0.217538    stat : 0.555101
Supp distance pairs among random/non matched pairs: kl : 0.014763    hell : 0.059002    stat : 0.114889

Independance test :
Rejection : 0.000000
Rejection rejet_matched : 0.000000
Rejection rejet_rand : 0.000000
Rejection rejet_matched_rand : 0.000000
Tested pairs:
matched:	(7134, 2623)	(3037, 8099)	(6899, 1625)
random/not matched:	(6335, 3324)	(571, 3312)	(3381, 6316)
